1105102605.095006 84:0a:4a:52:32:18 65:f4:89:22:98:cd 0x0800
1105102605.104874 80:0b:98:3b:b9:ec 1c:d6:07:75:58:dc 0x0800
1105102605.105125 1c:d6:07:75:58:dc 80:0b:98:3b:b9:ec 0x0800
1105102605.108000 80:0b:98:3b:b9:ec 1c:d6:07:75:58:dc 0x0800
1105102605.109872 80:0b:98:3b:b9:ec 1c:d6:07:75:58:dc 0x0800
1105102605.110122 1c:d6:07:75:58:dc 80:0b:98:3b:b9:ec 0x0800
1105102605.110747 1c:d6:07:75:58:dc 80:0b:98:3b:b9:ec 0x0800
1105102605.130610 80:0b:98:3b:b9:ec 1c:d6:07:75:58:dc 0x0800
1105102605.130985 1c:d6:07:75:58:dc 80:0b:98:3b:b9:ec 0x0800
1105102605.140978 80:0b:98:3b:b9:ec 1c:d6:07:75:58:dc 0x0800
1105102605.141477 1c:d6:07:75:58:dc 80:0b:98:3b:b9:ec 0x0800
1105102605.142351 80:0b:98:3b:b9:ec 1c:d6:07:75:58:dc 0x0800
1105102605.142852 1c:d6:07:75:58:dc 80:0b:98:3b:b9:ec 0x0800
1105102605.151722 80:0b:98:3b:b9:ec 1c:d6:07:75:58:dc 0x0800
1105102605.152971 1c:d6:07:75:58:dc 80:0b:98:3b:b9:ec 0x0800
1105102605.152978 1c:d6:07:75:58:dc 80:0b:98:3b:b9:ec 0x0800
1105102605.152983 1c:d6:07:75:58:dc 80:0b:98:3b:b9:ec 0x0800
1105102605.156094 80:0b:98:3b:b9:ec 1c:d6:07:75:58:dc 0x0800
1105102605.181454 80:0b:98:3b:b9:ec 1c:d6:07:75:58:dc 0x0800
1105102605.181579 1c:d6:07:75:58:dc 80:0b:98:3b:b9:ec 0x0800
1105102605.209812 8c:70:3a:a7:a6:f5 80:0b:98:3b:b9:ec 0x0800
1105102605.210061 80:0b:98:3b:b9:ec 8c:70:3a:a7:a6:f5 0x0800
1105102605.210561 80:0b:98:3b:b9:ec 8c:70:3a:a7:a6:f5 0x0800
1105102605.263028 80:0b:98:3b:b9:ec 78:77:a2:28:83:1d 0x0800
1105102605.335983 b2:08:49:7e:9c:9f 80:0b:98:3b:b9:ec 0x0800
1105102605.425555 38:e6:b7:ee:f9:45 ff:ff:ff:ff:ff:ff 0x8137
1105102605.515874 38:e6:b7:01:89:0b 80:0b:98:3b:b9:ec 0x002a
1105102605.516123 80:0b:98:3b:b9:ec 38:e6:b7:01:89:0b 0x0031
1105102605.573839 8c:70:3a:a7:a6:f5 80:0b:98:3b:b9:ec 0x0800
1105102605.574088 80:0b:98:3b:b9:ec 8c:70:3a:a7:a6:f5 0x0800
1105102605.790456 78:77:a2:28:83:1d 80:0b:98:3b:b9:ec 0x0800
1105102605.798826 78:77:a2:28:83:1d 80:0b:98:3b:b9:ec 0x0800
1105102605.798950 80:0b:98:3b:b9:ec 78:77:a2:28:83:1d 0x0800
1105102605.799700 80:0b:98:3b:b9:ec 78:77:a2:28:83:1d 0x0800
1105102605.840425 80:0b:98:3b:b9:ec ff:ff:ff:ff:ff:ff 0x8137
1105102605.921875 dc:ea:61:ea:73:0c 65:f4:89:6f:2a:b0 0x0800
1105102605.922125 dc:ea:61:ea:73:0c 65:f4:89:6f:2a:b0 0x0800
1105102606.036056 b2:08:49:7e:9c:9f 80:0b:98:3b:b9:ec 0x0800
1105102606.079780 8c:70:3a:a7:a6:f5 80:0b:98:3b:b9:ec 0x0800
1105102606.095895 8c:70:3a:a7:a6:f5 80:0b:98:3b:b9:ec 0x0800
1105102606.096769 80:0b:98:3b:b9:ec 8c:70:3a:a7:a6:f5 0x0800
1105102606.100017 1a:e4:c9:00:b5:cb 80:0b:98:3b:b9:ec 0x0800
1105102606.105264 80:0b:98:3b:b9:ec 1a:e4:c9:00:b5:cb 0x0800
1105102606.105638 80:0b:98:3b:b9:ec 1a:e4:c9:00:b5:cb 0x0800
1105102606.107012 80:0b:98:3b:b9:ec ea:f6:1c:4e:ab:95 0x0800
1105102606.107137 ea:f6:1c:4e:ab:95 80:0b:98:3b:b9:ec 0x0800
1105102606.109386 80:0b:98:3b:b9:ec ea:f6:1c:4e:ab:95 0x0800
1105102606.109390 80:0b:98:3b:b9:ec ea:f6:1c:4e:ab:95 0x0800
1105102606.109635 ea:f6:1c:4e:ab:95 80:0b:98:3b:b9:ec 0x0800
1105102606.130873 78:77:a2:d9:b3:7c ff:ff:ff:ff:ff:ff 0x0806
1105102606.216445 dc:ea:61:ea:73:0c 65:f4:89:22:98:cd 0x0800
1105102606.218319 1a:e4:c9:00:b5:cb 80:0b:98:3b:b9:ec 0x0800
1105102606.233311 78:77:a2:d9:b3:7c ff:ff:ff:ff:ff:ff 0x8137
1105102606.293773 78:77:a2:d9:b3:7c ff:ff:ff:ff:ff:ff 0x8137
1105102606.308264 78:77:a2:28:83:1d 80:0b:98:3b:b9:ec 0x0800
1105102606.316758 78:77:a2:28:83:1d 80:0b:98:3b:b9:ec 0x0800
1105102606.333874 08:79:78:25:e6:3f ff:ff:ff:ff:ff:ff 0x8137
1105102606.354736 80:0b:98:3b:b9:ec 78:77:a2:28:83:1d 0x0800
1105102606.377347 a4:10:14:89:7c:b8 ff:ff:ff:ff:ff:ff 0x0800
1105102606.377972 a4:10:14:89:7c:b8 87:4c:f3:da:d2:36 0x00a6
1105102606.399834 b2:08:49:6c:04:de 80:0b:98:3b:b9:ec 0x0800
1105102606.400083 80:0b:98:3b:b9:ec b2:08:49:6c:04:de 0x0800
1105102606.400208 b2:08:49:6c:04:de 80:0b:98:3b:b9:ec 0x0800
1105102606.400457 80:0b:98:3b:b9:ec b2:08:49:6c:04:de 0x0800
1105102606.413949 78:77:a2:d9:b3:7c ff:ff:ff:ff:ff:ff 0x8137
1105102606.453050 38:e6:b7:c8:99:6e 80:0b:98:3b:b9:ec 0x8137
1105102606.486904 80:0b:98:3b:b9:ec 38:e6:b7:c8:99:6e 0x8137
1105102606.575101 8c:70:3a:a7:a6:f5 80:0b:98:3b:b9:ec 0x0800
1105102606.595338 8c:70:3a:a7:a6:f5 80:0b:98:3b:b9:ec 0x0800
1105102606.620074 ea:f6:1c:4e:ab:95 80:0b:98:3b:b9:ec 0x0800
1105102606.620198 ea:f6:1c:4e:ab:95 80:0b:98:3b:b9:ec 0x0800
1105102606.620323 ea:f6:1c:4e:ab:95 80:0b:98:3b:b9:ec 0x0800
1105102606.622946 80:0b:98:3b:b9:ec ea:f6:1c:4e:ab:95 0x0800
1105102606.622950 80:0b:98:3b:b9:ec ea:f6:1c:4e:ab:95 0x0800
1105102606.623070 80:0b:98:3b:b9:ec ea:f6:1c:4e:ab:95 0x0800
1105102606.623571 ea:f6:1c:4e:ab:95 80:0b:98:3b:b9:ec 0x0800
1105102606.623695 ea:f6:1c:4e:ab:95 80:0b:98:3b:b9:ec 0x0800
1105102606.623821 ea:f6:1c:4e:ab:95 80:0b:98:3b:b9:ec 0x0800
1105102606.623946 ea:f6:1c:4e:ab:95 80:0b:98:3b:b9:ec 0x0800
1105102606.624071 ea:f6:1c:4e:ab:95 80:0b:98:3b:b9:ec 0x0800
1105102606.624196 ea:f6:1c:4e:ab:95 80:0b:98:3b:b9:ec 0x0800
1105102606.624695 80:0b:98:3b:b9:ec ff:ff:ff:ff:ff:ff 0x8137
1105102606.626568 80:0b:98:3b:b9:ec ea:f6:1c:4e:ab:95 0x0800
1105102606.626573 80:0b:98:3b:b9:ec ea:f6:1c:4e:ab:95 0x0800
1105102606.626577 80:0b:98:3b:b9:ec ea:f6:1c:4e:ab:95 0x0800
1105102606.626582 80:0b:98:3b:b9:ec ea:f6:1c:4e:ab:95 0x0800
1105102606.626819 80:0b:98:3b:b9:ec ea:f6:1c:4e:ab:95 0x0800
1105102606.627069 80:0b:98:3b:b9:ec ea:f6:1c:4e:ab:95 0x0800
1105102606.627193 ea:f6:1c:4e:ab:95 80:0b:98:3b:b9:ec 0x0800
1105102606.627318 ea:f6:1c:4e:ab:95 80:0b:98:3b:b9:ec 0x0800
1105102606.627443 ea:f6:1c:4e:ab:95 80:0b:98:3b:b9:ec 0x0800
1105102606.627569 ea:f6:1c:4e:ab:95 80:0b:98:3b:b9:ec 0x0800
1105102606.627694 ea:f6:1c:4e:ab:95 80:0b:98:3b:b9:ec 0x0800
1105102606.627821 ea:f6:1c:4e:ab:95 80:0b:98:3b:b9:ec 0x0800
1105102606.627944 ea:f6:1c:4e:ab:95 80:0b:98:3b:b9:ec 0x0800
1105102606.628069 ea:f6:1c:4e:ab:95 80:0b:98:3b:b9:ec 0x0800
1105102606.628194 ea:f6:1c:4e:ab:95 80:0b:98:3b:b9:ec 0x0800
1105102606.629943 80:0b:98:3b:b9:ec ea:f6:1c:4e:ab:95 0x0800
1105102606.630192 80:0b:98:3b:b9:ec ea:f6:1c:4e:ab:95 0x0800
1105102606.630197 80:0b:98:3b:b9:ec ea:f6:1c:4e:ab:95 0x0800
